.venv/bin/python build_multimodal_rqopq_sid_modular.py --output-dir weight_sweep_1m/t1_i0p5_c0p5 --max-items 1000000 --title-weight 1.0 --image-weight 0.5 --cat-weight 0.5 --compute-collisions
Rows: using 1,000,000 / 11,168,159
Title shape: (11168159, 256), image shape: (11168159, 256)
Using cat_id columns: [0, 1, 2, 3]
Building random cat embedding tables
Modality weights: title=1, image=0.5, cat=0.5
Cat feature dim before PCA: 64
Fused feature dim before PCA: 576
Fitting IncrementalPCA epoch 1/1
Starting RQ level 1/3
Training RQ level 1 epoch 1/3
Training RQ level 1 epoch 2/3
Training RQ level 1 epoch 3/3
RQ level 1: mse=0.09233500, used=512/512
Starting RQ level 2/3
Training RQ level 2 epoch 1/3
Training RQ level 2 epoch 2/3
Training RQ level 2 epoch 3/3
RQ level 2: mse=0.03689306, used=512/512
Starting RQ level 3/3
Training RQ level 3 epoch 1/3
Training RQ level 3 epoch 2/3
Training RQ level 3 epoch 3/3
RQ level 3: mse=0.02151330, used=512/512
Starting OPQ outer iteration 1/3
Training OPQ outer 1 subspace 1 epoch 1/3
Training OPQ outer 1 subspace 1 epoch 2/3
Training OPQ outer 1 subspace 1 epoch 3/3
Training OPQ outer 1 subspace 2 epoch 1/3
Training OPQ outer 1 subspace 2 epoch 2/3
Training OPQ outer 1 subspace 2 epoch 3/3
OPQ outer 1: rotated_mse=0.01201333, original_mse=0.01201333
Starting OPQ outer iteration 2/3
Training OPQ outer 2 subspace 1 epoch 1/3
Training OPQ outer 2 subspace 1 epoch 2/3
Training OPQ outer 2 subspace 1 epoch 3/3
Training OPQ outer 2 subspace 2 epoch 1/3
Training OPQ outer 2 subspace 2 epoch 2/3
Training OPQ outer 2 subspace 2 epoch 3/3
OPQ outer 2: rotated_mse=0.01180385, original_mse=0.01180385
Starting OPQ outer iteration 3/3
Training OPQ outer 3 subspace 1 epoch 1/3
Training OPQ outer 3 subspace 1 epoch 2/3
Training OPQ outer 3 subspace 1 epoch 3/3
Training OPQ outer 3 subspace 2 epoch 1/3
Training OPQ outer 3 subspace 2 epoch 2/3
Training OPQ outer 3 subspace 2 epoch 3/3
OPQ outer 3: rotated_mse=0.01170841, original_mse=0.01170841
Done
  sid_codes.npy: (1000000, 5)
  output_dir: weight_sweep_1m/t1_i0p5_c0p5
  elapsed_seconds: 164.6
